<?xml version="1.0" encoding="UTF-8"?>
<testsuite xmlns:xsi="http://www.w3.org/2001/XMLSchema-instance" xsi:noNamespaceSchemaLocation="https://maven.apache.org/surefire/maven-surefire-plugin/xsd/surefire-test-report.xsd" name="org.example.SortingTest" time="0.057" tests="5" errors="0" skipped="0" failures="0">
  <properties>
    <property name="java.specification.version" value="18"/>
    <property name="sonar.login" value="sqp_95ea0c267b11353c448dde951fc24852dc7693e3"/>
    <property name="sonar.host.url" value="http://localhost:9000"/>
    <property name="sun.jnu.encoding" value="UTF-8"/>
    <property name="java.class.path" value="/home/sergiolopes/Documentos/Codigos/estudoAlgoritmos/target/test-classes:/home/sergiolopes/Documentos/Codigos/estudoAlgoritmos/target/classes:/home/sergiolopes/.m2/repository/org/junit/jupiter/junit-jupiter-api/5.9.1/junit-jupiter-api-5.9.1.jar:/home/sergiolopes/.m2/repository/org/opentest4j/opentest4j/1.2.0/opentest4j-1.2.0.jar:/home/sergiolopes/.m2/repository/org/junit/platform/junit-platform-commons/1.9.1/junit-platform-commons-1.9.1.jar:/home/sergiolopes/.m2/repository/org/apiguardian/apiguardian-api/1.1.2/apiguardian-api-1.1.2.jar:/home/sergiolopes/.m2/repository/org/junit/jupiter/junit-jupiter-engine/5.9.1/junit-jupiter-engine-5.9.1.jar:/home/sergiolopes/.m2/repository/org/junit/platform/junit-platform-engine/1.9.1/junit-platform-engine-1.9.1.jar:"/>
    <property name="java.vm.vendor" value="Oracle Corporation"/>
    <property name="sun.arch.data.model" value="64"/>
    <property name="java.vendor.url" value="https://java.oracle.com/"/>
    <property name="os.name" value="Linux"/>
    <property name="java.vm.specification.version" value="18"/>
    <property name="sun.java.launcher" value="SUN_STANDARD"/>
    <property name="user.country" value="BR"/>
    <property name="sun.boot.library.path" value="/home/sergiolopes/.sdkman/candidates/java/18.0.1.1-open/lib"/>
    <property name="sun.java.command" value="/home/sergiolopes/Documentos/Codigos/estudoAlgoritmos/target/surefire/surefirebooter4931030036225792938.jar /home/sergiolopes/Documentos/Codigos/estudoAlgoritmos/target/surefire 2022-10-01T16-00-57_676-jvmRun1 surefire1609629943147315482tmp surefire_014787212890418747783tmp"/>
    <property name="jdk.debug" value="release"/>
    <property name="surefire.test.class.path" value="/home/sergiolopes/Documentos/Codigos/estudoAlgoritmos/target/test-classes:/home/sergiolopes/Documentos/Codigos/estudoAlgoritmos/target/classes:/home/sergiolopes/.m2/repository/org/junit/jupiter/junit-jupiter-api/5.9.1/junit-jupiter-api-5.9.1.jar:/home/sergiolopes/.m2/repository/org/opentest4j/opentest4j/1.2.0/opentest4j-1.2.0.jar:/home/sergiolopes/.m2/repository/org/junit/platform/junit-platform-commons/1.9.1/junit-platform-commons-1.9.1.jar:/home/sergiolopes/.m2/repository/org/apiguardian/apiguardian-api/1.1.2/apiguardian-api-1.1.2.jar:/home/sergiolopes/.m2/repository/org/junit/jupiter/junit-jupiter-engine/5.9.1/junit-jupiter-engine-5.9.1.jar:/home/sergiolopes/.m2/repository/org/junit/platform/junit-platform-engine/1.9.1/junit-platform-engine-1.9.1.jar:"/>
    <property name="sun.cpu.endian" value="little"/>
    <property name="user.home" value="/home/sergiolopes"/>
    <property name="user.language" value="pt"/>
    <property name="java.specification.vendor" value="Oracle Corporation"/>
    <property name="java.version.date" value="2022-04-22"/>
    <property name="java.home" value="/home/sergiolopes/.sdkman/candidates/java/18.0.1.1-open"/>
    <property name="file.separator" value="/"/>
    <property name="basedir" value="/home/sergiolopes/Documentos/Codigos/estudoAlgoritmos"/>
    <property name="java.vm.compressedOopsMode" value="Zero based"/>
    <property name="line.separator" value="&#10;"/>
    <property name="java.specification.name" value="Java Platform API Specification"/>
    <property name="java.vm.specification.vendor" value="Oracle Corporation"/>
    <property name="surefire.real.class.path" value="/home/sergiolopes/Documentos/Codigos/estudoAlgoritmos/target/surefire/surefirebooter4931030036225792938.jar"/>
    <property name="sun.management.compiler" value="HotSpot 64-Bit Tiered Compilers"/>
    <property name="java.runtime.version" value="18.0.1.1+2-6"/>
    <property name="user.name" value="sergiolopes"/>
    <property name="path.separator" value=":"/>
    <property name="os.version" value="5.15.0-48-generic"/>
    <property name="java.runtime.name" value="OpenJDK Runtime Environment"/>
    <property name="file.encoding" value="UTF-8"/>
    <property name="java.vm.name" value="OpenJDK 64-Bit Server VM"/>
    <property name="localRepository" value="/home/sergiolopes/.m2/repository"/>
    <property name="java.vendor.url.bug" value="https://bugreport.java.com/bugreport/"/>
    <property name="java.io.tmpdir" value="/tmp"/>
    <property name="idea.version" value="2022.2.2"/>
    <property name="java.version" value="18.0.1.1"/>
    <property name="user.dir" value="/home/sergiolopes/Documentos/Codigos/estudoAlgoritmos"/>
    <property name="os.arch" value="amd64"/>
    <property name="java.vm.specification.name" value="Java Virtual Machine Specification"/>
    <property name="native.encoding" value="UTF-8"/>
    <property name="sonar.projectKey" value="EstudoAlgoritmos"/>
    <property name="java.library.path" value="/usr/java/packages/lib:/usr/lib64:/lib64:/lib:/usr/lib"/>
    <property name="java.vm.info" value="mixed mode, sharing"/>
    <property name="java.vendor" value="Oracle Corporation"/>
    <property name="java.vm.version" value="18.0.1.1+2-6"/>
    <property name="sun.io.unicode.encoding" value="UnicodeLittle"/>
    <property name="java.class.version" value="62.0"/>
  </properties>
  <testcase name="ordenaUsandoShellSort" classname="org.example.SortingTest" time="0.035"/>
  <testcase name="ordenaUsandoSelection" classname="org.example.SortingTest" time="0.001"/>
  <testcase name="ordenaUsandoBubble" classname="org.example.SortingTest" time="0"/>
  <testcase name="ordenaUsandoSorting" classname="org.example.SortingTest" time="0.001"/>
  <testcase name="ordenaUsandoMerge" classname="org.example.SortingTest" time="0.001"/>
</testsuite>